2024-05-29T10:50:05+00:00 DEBUG POST: https://ads.tiktok.com/marketing_api/api/developer/app/create_auto_approve/

{"business_platform":"PROD","smb_id":"tt4b_woocommerce_6657085d2fba7httpsgenaideeplabscomwp-admin","smb_name":"PROD","redirect_url":"https:\/\/genaideeplabs.com\/wp-admin\/"}
 ajax: no
2024-05-29T10:50:05+00:00 DEBUG Tt4b_Mapi_Class::create_open_source_app: Response: 

HTTP/1.1 200 OK
Content-Type: application/json
X-Tt-Logid: 202405291050047A0D37DED8372F69AF8D,202405291050047A0D37DED8372F69AF8D
Strict-Transport-Security: max-age=31536000; includeSubDomains
x-tt-trace-host: 01fa2e0f897947ef29de280348ff4fe89a551785b3a7e4e4454811b8ae2ba55681c6d7040828546a0f38049000f0fc48276a5a2ed3697b6ebf79a2e8a5b6c21c2a81efcda7bf5b029e95ddc3c332e082e337e3ae370854bbd7807da1795060d07cab33db992725dff215e7038337f28722
x-tt-trace-id: 00-2405291050047A0D37DED8372F69AF8D-5750083C3F767E44-00
Server: TLB
Content-Encoding: gzip
Content-Length: 207
X-Origin-Response-Time: 61,23.48.172.87
X-Akamai-Request-ID: 785a3829.2001b624
Date: Wed, 29 May 2024 10:50:05 GMT
X-Cache: TCP_MISS from a23-47-58-177.deploy.akamaitechnologies.com (AkamaiGHost/11.5.1-56325026) (-)
Connection: close
Vary: Accept-Encoding
X-Cache-Remote: TCP_MISS from a23-48-172-87.deploy.akamaitechnologies.com (AkamaiGHost/11.5.1-56325026) (-)
x-tt-trace-tag: id=16;cdn-cache=miss;type=dyn
Server-Timing: cdn-cache; desc=MISS, edge; dur=267, origin; dur=61
Server-Timing: inner; dur=55
X-Parent-Response-Time: 323,23.47.58.177

{"code":0,"msg":"ok","data":{"app_id":"7374372112447832071","redirect_uri":"https:\/\/genaideeplabs.com\/wp-admin\/","external_data_key":"0c4ab929-977b-4212-8203-beb9a27e36a2","app_secret":"daaa053e511f205fd09480d2095586b1709fb42e"}}
2024-05-29T10:53:52+00:00 DEBUG POST: https://business-api.tiktok.com/tbp/v2.0/business_profile/disconnect?external_data=

{"business_platform":"WOO_COMMERCE","external_business_id":"tt4b_woocommerce_6657085d2fba7"}
 ajax: no
2024-05-29T10:53:52+00:00 DEBUG Tt4b_Mapi_Class::tbp_post: Response: 

HTTP/1.1 200 OK
Content-Type: application/json; charset=utf-8
Content-Length: 95
X-Api-Deprecation-Info: API for Business Version 1.3 is now live. To avoid disruption to your business, we recommend you migrate all calls to v1.3 as soon as possible. Please visit our migration guide for more details: https://ads.tiktok.com/marketing_api/docs?id=1740029169927169
X-Domain-Change-Info: We have moved to the new domain business-api.tiktok.com for API services after the Platform Upgrade on 09/30/2021. Please update all of your requests with the new domain if you haven't done so already. For more information, please visit https://ads.tiktok.com/marketing_api/docs?rid=esb88xalm6m&id=1709207085043713
X-Tt-Logid: 202405291053519644863FC6483669B8BC
Server-Timing: inner; dur=6
x-tt-trace-host: 01fa2e0f897947ef29de280348ff4fe89a37be2e7d7f97db459b6231621ba9b7999d57b6929910e4a4cf85c24ebdb0dccdf6daf342c81bce470e4a5519b9586c20db17a6c86291a5ada26d68cb4726548ee3f6b0390fe561bae92eb9fa2bb81d57
x-tt-trace-id: 00-2405291053519644863FC6483669B8BC-7FADD55039F1D5BB-00
Server: TLB
Expires: Wed, 29 May 2024 10:53:52 GMT
Cache-Control: max-age=0, no-cache, no-store
Pragma: no-cache
Date: Wed, 29 May 2024 10:53:52 GMT
X-Cache: TCP_MISS from a23-33-23-214.deploy.akamaitechnologies.com (AkamaiGHost/11.5.1-56337083) (-)
Connection: close
x-tt-trace-tag: id=16;cdn-cache=miss;type=dyn
Server-Timing: cdn-cache; desc=MISS, edge; dur=1, origin; dur=219
X-Origin-Response-Time: 220,23.33.23.214
X-Akamai-Request-ID: 85327191

{"code":40001,"message":"Permission denied.","request_id":"202405291053519644863FC6483669B8BC"}
2024-05-29T10:53:52+00:00 DEBUG POST: https://business-api.tiktok.com/tbp/v2.0/shop/connection/disconnect?external_data=

--- EMPTY STRING ---
 ajax: no
2024-05-29T10:53:53+00:00 DEBUG Tt4b_Mapi_Class::tts_shop_disconnect: Response: 

HTTP/1.1 200 OK
Content-Type: application/json; charset=utf-8
Content-Length: 95
X-Api-Deprecation-Info: API for Business Version 1.3 is now live. To avoid disruption to your business, we recommend you migrate all calls to v1.3 as soon as possible. Please visit our migration guide for more details: https://ads.tiktok.com/marketing_api/docs?id=1740029169927169
X-Domain-Change-Info: We have moved to the new domain business-api.tiktok.com for API services after the Platform Upgrade on 09/30/2021. Please update all of your requests with the new domain if you haven't done so already. For more information, please visit https://ads.tiktok.com/marketing_api/docs?rid=esb88xalm6m&id=1709207085043713
X-Tt-Logid: 202405291053521333BDA4F78FE26BBD5E
x-tt-trace-host: 01fa2e0f897947ef29de280348ff4fe89aeac65865f45cbf4cba7dbaa23bf638b8a8603fafed9db7eb0e24cc70ae0ebf3cf02df75aa749e303da2fe281aafbef10526ac9b401d64f407c60ea489b87c2c833c0a0c56adffe19f4b11f24a6c59868f58a375a7cfa0cab95472437702d34a7
x-tt-trace-id: 00-2405291053521333BDA4F78FE26BBD5E-1840D94826EB5F75-00
Server: TLB
X-Origin-Response-Time: 11,23.210.250.148
X-Akamai-Request-ID: f67d3cd.154a8401
Expires: Wed, 29 May 2024 10:53:53 GMT
Cache-Control: max-age=0, no-cache, no-store
Pragma: no-cache
Date: Wed, 29 May 2024 10:53:53 GMT
X-Cache: TCP_MISS from a23-33-21-8.deploy.akamaitechnologies.com (AkamaiGHost/11.5.1-56337083) (-)
Connection: close
X-Cache-Remote: TCP_MISS from a23-210-250-148.deploy.akamaitechnologies.com (AkamaiGHost/11.5.1-56337083) (-)
x-tt-trace-tag: id=16;cdn-cache=miss;type=dyn
Server-Timing: cdn-cache; desc=MISS, edge; dur=206, origin; dur=11
Server-Timing: inner; dur=7
X-Parent-Response-Time: 215,23.33.21.8

{"code":40001,"message":"Permission denied.","request_id":"202405291053521333BDA4F78FE26BBD5E"}
